<?xml version="1.0" encoding="utf-8"?><testsuites name="pytest tests"><testsuite name="pytest" errors="0" failures="0" skipped="0" tests="23" time="42.808" timestamp="2026-04-19T14:12:34.739879+00:00" hostname="agent-env-01667f33-a4ab-472a-8a38-5a95ca3b9010"><testcase classname="backend.tests.test_new_features.TestEmailVerification" name="test_register_sets_email_verified_false" time="0.426" /><testcase classname="backend.tests.test_new_features.TestEmailVerification" name="test_login_returns_email_verified" time="0.337" /><testcase classname="backend.tests.test_new_features.TestEmailVerification" name="test_admin_is_verified" time="0.326" /><testcase classname="backend.tests.test_new_features.TestEmailVerification" name="test_resend_verification_requires_auth" time="0.107" /><testcase classname="backend.tests.test_new_features.TestEmailVerification" name="test_resend_and_verify_email_flow" time="0.610" /><testcase classname="backend.tests.test_new_features.TestEmailVerification" name="test_verify_invalid_token" time="0.133" /><testcase classname="backend.tests.test_new_features.TestPasswordReset" name="test_forgot_unknown_email_ok" time="0.106" /><testcase classname="backend.tests.test_new_features.TestPasswordReset" name="test_full_reset_flow" time="1.583" /><testcase classname="backend.tests.test_new_features.TestPasswordReset" name="test_reset_invalid_token" time="0.107" /><testcase classname="backend.tests.test_new_features.TestQuizOptions" name="test_upload_persists_difficulty_and_count" time="11.963" /><testcase classname="backend.tests.test_new_features.TestQuizOptions" name="test_upload_count_clamped" time="7.892" /><testcase classname="backend.tests.test_new_features.TestQuizOptions" name="test_regenerate_with_options" time="9.291" /><testcase classname="backend.tests.test_new_features.TestSharing" name="test_share_enable_returns_token" time="0.048" /><testcase classname="backend.tests.test_new_features.TestSharing" name="test_public_summary_accessible_no_auth" time="0.189" /><testcase classname="backend.tests.test_new_features.TestSharing" name="test_public_summary_invalid_token_404" time="0.112" /><testcase classname="backend.tests.test_new_features.TestSharing" name="test_share_rbac_other_student_forbidden" time="0.385" /><testcase classname="backend.tests.test_new_features.TestSharing" name="test_share_revoke" time="0.170" /><testcase classname="backend.tests.test_new_features.TestExports" name="test_export_pdf" time="0.056" /><testcase classname="backend.tests.test_new_features.TestExports" name="test_export_anki" time="0.163" /><testcase classname="backend.tests.test_new_features.TestExports" name="test_export_requires_auth" time="0.230" /><testcase classname="backend.tests.test_new_features.TestExports" name="test_export_rbac_other_student" time="0.098" /><testcase classname="backend.tests.test_new_features.TestExports" name="test_export_400_when_no_summary" time="8.328" /><testcase classname="backend.tests.test_new_features" name="test_zz_cleanup" time="0.048" /></testsuite></testsuites>