<?xml version="1.0" encoding="utf-8"?><testsuites name="pytest tests"><testsuite name="pytest" errors="0" failures="0" skipped="0" tests="30" time="15.852" timestamp="2026-04-19T13:47:19.034400+00:00" hostname="agent-env-01667f33-a4ab-472a-8a38-5a95ca3b9010"><testcase classname="tests.backend_test" name="test_root" time="0.182" /><testcase classname="tests.backend_test.TestAuth" name="test_admin_login" time="0.361" /><testcase classname="tests.backend_test.TestAuth" name="test_login_wrong_password" time="0.346" /><testcase classname="tests.backend_test.TestAuth" name="test_register_student" time="0.415" /><testcase classname="tests.backend_test.TestAuth" name="test_register_duplicate" time="0.054" /><testcase classname="tests.backend_test.TestAuth" name="test_me_with_token" time="0.054" /><testcase classname="tests.backend_test.TestAuth" name="test_me_without_auth" time="0.137" /><testcase classname="tests.backend_test.TestAuth" name="test_logout" time="0.414" /><testcase classname="tests.backend_test.TestDocuments" name="test_upload_empty_rejected" time="0.054" /><testcase classname="tests.backend_test.TestDocuments" name="test_upload_too_short" time="0.080" /><testcase classname="tests.backend_test.TestDocuments" name="test_upload_unsupported_ext" time="0.057" /><testcase classname="tests.backend_test.TestDocuments" name="test_list_documents" time="5.528" /><testcase classname="tests.backend_test.TestDocuments" name="test_get_document_self" time="0.061" /><testcase classname="tests.backend_test.TestDocuments" name="test_rbac_other_student_forbidden" time="0.427" /><testcase classname="tests.backend_test.TestDocuments" name="test_rbac_admin_can_view" time="0.378" /><testcase classname="tests.backend_test.TestDocuments" name="test_rename" time="0.110" /><testcase classname="tests.backend_test.TestDocuments" name="test_ai_ready_has_summary_and_quiz" time="0.055" /><testcase classname="tests.backend_test.TestDocuments" name="test_edit_summary" time="0.103" /><testcase classname="tests.backend_test.TestDocuments" name="test_edit_summary_empty_rejected" time="0.051" /><testcase classname="tests.backend_test.TestQuiz" name="test_get_quiz_hides_answers" time="0.054" /><testcase classname="tests.backend_test.TestQuiz" name="test_submit_quiz" time="0.103" /><testcase classname="tests.backend_test.TestQuiz" name="test_submit_quiz_mismatch" time="0.050" /><testcase classname="tests.backend_test.TestQuiz" name="test_quiz_rbac" time="0.051" /><testcase classname="tests.backend_test.TestProgress" name="test_progress_returns_series" time="0.051" /><testcase classname="tests.backend_test.TestAdmin" name="test_stats_admin" time="0.049" /><testcase classname="tests.backend_test.TestAdmin" name="test_users_admin" time="0.048" /><testcase classname="tests.backend_test.TestAdmin" name="test_admin_stats_forbidden_for_student" time="0.055" /><testcase classname="tests.backend_test.TestAdmin" name="test_admin_users_forbidden_for_student" time="0.054" /><testcase classname="tests.backend_test.TestLifecycleCleanup" name="test_regenerate" time="6.004" /><testcase classname="tests.backend_test.TestLifecycleCleanup" name="test_delete_cascades" time="0.113" /></testsuite></testsuites>